  Ai.cpp
C:\Users\maksy\OneDrive\Pulpit\Studia\Semestr 2\programowanie nieskopoziomowe\project\Connect4\Connect4\Ai.cpp(43,22): warning C4244: 'argument': conversion from 'time_t' to 'unsigned int', possible loss of data
  Board.cpp
C:\Users\maksy\OneDrive\Pulpit\Studia\Semestr 2\programowanie nieskopoziomowe\project\Connect4\Connect4\Board.cpp(145,32): warning C4244: 'argument': conversion from 'int' to 'float', possible loss of data
C:\Users\maksy\OneDrive\Pulpit\Studia\Semestr 2\programowanie nieskopoziomowe\project\Connect4\Connect4\Board.cpp(146,33): warning C4244: 'argument': conversion from 'int' to 'float', possible loss of data
C:\Users\maksy\OneDrive\Pulpit\Studia\Semestr 2\programowanie nieskopoziomowe\project\Connect4\Connect4\Board.cpp(147,35): warning C4244: 'argument': conversion from 'int' to 'float', possible loss of data
C:\Users\maksy\OneDrive\Pulpit\Studia\Semestr 2\programowanie nieskopoziomowe\project\Connect4\Connect4\Board.cpp(148,36): warning C4244: 'argument': conversion from 'int' to 'float', possible loss of data
C:\Users\maksy\OneDrive\Pulpit\Studia\Semestr 2\programowanie nieskopoziomowe\project\Connect4\Connect4\Board.cpp(149,76): warning C4244: 'argument': conversion from 'int' to 'T', possible loss of data
C:\Users\maksy\OneDrive\Pulpit\Studia\Semestr 2\programowanie nieskopoziomowe\project\Connect4\Connect4\Board.cpp(149,76): warning C4244:         with
C:\Users\maksy\OneDrive\Pulpit\Studia\Semestr 2\programowanie nieskopoziomowe\project\Connect4\Connect4\Board.cpp(149,76): warning C4244:         [
C:\Users\maksy\OneDrive\Pulpit\Studia\Semestr 2\programowanie nieskopoziomowe\project\Connect4\Connect4\Board.cpp(149,76): warning C4244:             T=float
C:\Users\maksy\OneDrive\Pulpit\Studia\Semestr 2\programowanie nieskopoziomowe\project\Connect4\Connect4\Board.cpp(149,76): warning C4244:         ]
C:\Users\maksy\OneDrive\Pulpit\Studia\Semestr 2\programowanie nieskopoziomowe\project\Connect4\Connect4\Board.cpp(149,62): warning C4244: 'argument': conversion from 'int' to 'T', possible loss of data
C:\Users\maksy\OneDrive\Pulpit\Studia\Semestr 2\programowanie nieskopoziomowe\project\Connect4\Connect4\Board.cpp(149,62): warning C4244:         with
C:\Users\maksy\OneDrive\Pulpit\Studia\Semestr 2\programowanie nieskopoziomowe\project\Connect4\Connect4\Board.cpp(149,62): warning C4244:         [
C:\Users\maksy\OneDrive\Pulpit\Studia\Semestr 2\programowanie nieskopoziomowe\project\Connect4\Connect4\Board.cpp(149,62): warning C4244:             T=float
C:\Users\maksy\OneDrive\Pulpit\Studia\Semestr 2\programowanie nieskopoziomowe\project\Connect4\Connect4\Board.cpp(149,62): warning C4244:         ]
C:\Users\maksy\OneDrive\Pulpit\Studia\Semestr 2\programowanie nieskopoziomowe\project\Connect4\Connect4\Board.cpp(150,76): warning C4244: 'argument': conversion from 'int' to 'T', possible loss of data
C:\Users\maksy\OneDrive\Pulpit\Studia\Semestr 2\programowanie nieskopoziomowe\project\Connect4\Connect4\Board.cpp(150,76): warning C4244:         with
C:\Users\maksy\OneDrive\Pulpit\Studia\Semestr 2\programowanie nieskopoziomowe\project\Connect4\Connect4\Board.cpp(150,76): warning C4244:         [
C:\Users\maksy\OneDrive\Pulpit\Studia\Semestr 2\programowanie nieskopoziomowe\project\Connect4\Connect4\Board.cpp(150,76): warning C4244:             T=float
C:\Users\maksy\OneDrive\Pulpit\Studia\Semestr 2\programowanie nieskopoziomowe\project\Connect4\Connect4\Board.cpp(150,76): warning C4244:         ]
C:\Users\maksy\OneDrive\Pulpit\Studia\Semestr 2\programowanie nieskopoziomowe\project\Connect4\Connect4\Board.cpp(150,54): warning C4244: 'argument': conversion from 'int' to 'T', possible loss of data
C:\Users\maksy\OneDrive\Pulpit\Studia\Semestr 2\programowanie nieskopoziomowe\project\Connect4\Connect4\Board.cpp(150,54): warning C4244:         with
C:\Users\maksy\OneDrive\Pulpit\Studia\Semestr 2\programowanie nieskopoziomowe\project\Connect4\Connect4\Board.cpp(150,54): warning C4244:         [
C:\Users\maksy\OneDrive\Pulpit\Studia\Semestr 2\programowanie nieskopoziomowe\project\Connect4\Connect4\Board.cpp(150,54): warning C4244:             T=float
C:\Users\maksy\OneDrive\Pulpit\Studia\Semestr 2\programowanie nieskopoziomowe\project\Connect4\Connect4\Board.cpp(150,54): warning C4244:         ]
C:\Users\maksy\OneDrive\Pulpit\Studia\Semestr 2\programowanie nieskopoziomowe\project\Connect4\Connect4\Board.cpp(159,34): warning C4244: 'argument': conversion from 'int' to 'float', possible loss of data
C:\Users\maksy\OneDrive\Pulpit\Studia\Semestr 2\programowanie nieskopoziomowe\project\Connect4\Connect4\Board.cpp(159,28): warning C4244: 'argument': conversion from 'int' to 'float', possible loss of data
C:\Users\maksy\OneDrive\Pulpit\Studia\Semestr 2\programowanie nieskopoziomowe\project\Connect4\Connect4\Board.cpp(160,60): warning C4244: 'argument': conversion from 'int' to 'float', possible loss of data
C:\Users\maksy\OneDrive\Pulpit\Studia\Semestr 2\programowanie nieskopoziomowe\project\Connect4\Connect4\Board.cpp(160,46): warning C4244: 'argument': conversion from 'int' to 'float', possible loss of data
C:\Users\maksy\OneDrive\Pulpit\Studia\Semestr 2\programowanie nieskopoziomowe\project\Connect4\Connect4\Board.cpp(161,55): warning C4244: 'argument': conversion from 'int' to 'float', possible loss of data
C:\Users\maksy\OneDrive\Pulpit\Studia\Semestr 2\programowanie nieskopoziomowe\project\Connect4\Connect4\Board.cpp(161,31): warning C4244: 'argument': conversion from 'int' to 'float', possible loss of data
C:\Users\maksy\OneDrive\Pulpit\Studia\Semestr 2\programowanie nieskopoziomowe\project\Connect4\Connect4\Board.cpp(162,81): warning C4244: 'argument': conversion from 'int' to 'float', possible loss of data
C:\Users\maksy\OneDrive\Pulpit\Studia\Semestr 2\programowanie nieskopoziomowe\project\Connect4\Connect4\Board.cpp(162,49): warning C4244: 'argument': conversion from 'int' to 'float', possible loss of data
C:\Users\maksy\OneDrive\Pulpit\Studia\Semestr 2\programowanie nieskopoziomowe\project\Connect4\Connect4\Board.cpp(163,47): warning C4244: 'argument': conversion from 'int' to 'float', possible loss of data
C:\Users\maksy\OneDrive\Pulpit\Studia\Semestr 2\programowanie nieskopoziomowe\project\Connect4\Connect4\Board.cpp(163,37): warning C4244: 'argument': conversion from 'int' to 'float', possible loss of data
C:\Users\maksy\OneDrive\Pulpit\Studia\Semestr 2\programowanie nieskopoziomowe\project\Connect4\Connect4\Board.cpp(164,45): warning C4244: 'argument': conversion from 'int' to 'float', possible loss of data
C:\Users\maksy\OneDrive\Pulpit\Studia\Semestr 2\programowanie nieskopoziomowe\project\Connect4\Connect4\Board.cpp(164,34): warning C4244: 'argument': conversion from 'int' to 'float', possible loss of data
C:\Users\maksy\OneDrive\Pulpit\Studia\Semestr 2\programowanie nieskopoziomowe\project\Connect4\Connect4\Board.cpp(186,64): warning C4244: 'argument': conversion from 'double' to 'float', possible loss of data
C:\Users\maksy\OneDrive\Pulpit\Studia\Semestr 2\programowanie nieskopoziomowe\project\Connect4\Connect4\Board.cpp(187,24): warning C4244: 'initializing': conversion from 'double' to 'float', possible loss of data
C:\Users\maksy\OneDrive\Pulpit\Studia\Semestr 2\programowanie nieskopoziomowe\project\Connect4\Connect4\Board.cpp(251,11): warning C4244: 'initializing': conversion from 'float' to 'int', possible loss of data
C:\Users\maksy\OneDrive\Pulpit\Studia\Semestr 2\programowanie nieskopoziomowe\project\Connect4\Connect4\Board.cpp(265,36): warning C4244: '=': conversion from 'float' to 'int', possible loss of data
C:\Users\maksy\OneDrive\Pulpit\Studia\Semestr 2\programowanie nieskopoziomowe\project\Connect4\Connect4\Board.cpp(275,36): warning C4244: '=': conversion from 'float' to 'int', possible loss of data
C:\Users\maksy\OneDrive\Pulpit\Studia\Semestr 2\programowanie nieskopoziomowe\project\Connect4\Connect4\Board.cpp(310,35): warning C4244: '=': conversion from 'float' to 'int', possible loss of data
C:\Users\maksy\OneDrive\Pulpit\Studia\Semestr 2\programowanie nieskopoziomowe\project\Connect4\Connect4\Board.cpp(347,12): warning C4244: 'initializing': conversion from 'float' to 'int', possible loss of data
C:\Users\maksy\OneDrive\Pulpit\Studia\Semestr 2\programowanie nieskopoziomowe\project\Connect4\Connect4\Board.cpp(348,12): warning C4244: 'initializing': conversion from 'float' to 'int', possible loss of data
C:\Users\maksy\OneDrive\Pulpit\Studia\Semestr 2\programowanie nieskopoziomowe\project\Connect4\Connect4\Board.cpp(352,48): warning C4244: 'argument': conversion from 'int' to 'float', possible loss of data
C:\Users\maksy\OneDrive\Pulpit\Studia\Semestr 2\programowanie nieskopoziomowe\project\Connect4\Connect4\Board.cpp(352,37): warning C4244: 'argument': conversion from 'int' to 'float', possible loss of data
C:\Users\maksy\OneDrive\Pulpit\Studia\Semestr 2\programowanie nieskopoziomowe\project\Connect4\Connect4\Board.cpp(358,48): warning C4244: 'argument': conversion from 'int' to 'float', possible loss of data
C:\Users\maksy\OneDrive\Pulpit\Studia\Semestr 2\programowanie nieskopoziomowe\project\Connect4\Connect4\Board.cpp(358,37): warning C4244: 'argument': conversion from 'int' to 'float', possible loss of data
C:\Users\maksy\OneDrive\Pulpit\Studia\Semestr 2\programowanie nieskopoziomowe\project\Connect4\Connect4\Board.cpp(368,51): warning C4244: 'argument': conversion from 'int' to 'T', possible loss of data
C:\Users\maksy\OneDrive\Pulpit\Studia\Semestr 2\programowanie nieskopoziomowe\project\Connect4\Connect4\Board.cpp(368,51): warning C4244:         with
C:\Users\maksy\OneDrive\Pulpit\Studia\Semestr 2\programowanie nieskopoziomowe\project\Connect4\Connect4\Board.cpp(368,51): warning C4244:         [
C:\Users\maksy\OneDrive\Pulpit\Studia\Semestr 2\programowanie nieskopoziomowe\project\Connect4\Connect4\Board.cpp(368,51): warning C4244:             T=float
C:\Users\maksy\OneDrive\Pulpit\Studia\Semestr 2\programowanie nieskopoziomowe\project\Connect4\Connect4\Board.cpp(368,51): warning C4244:         ]
C:\Users\maksy\OneDrive\Pulpit\Studia\Semestr 2\programowanie nieskopoziomowe\project\Connect4\Connect4\Board.cpp(368,40): warning C4244: 'argument': conversion from 'int' to 'T', possible loss of data
C:\Users\maksy\OneDrive\Pulpit\Studia\Semestr 2\programowanie nieskopoziomowe\project\Connect4\Connect4\Board.cpp(368,40): warning C4244:         with
C:\Users\maksy\OneDrive\Pulpit\Studia\Semestr 2\programowanie nieskopoziomowe\project\Connect4\Connect4\Board.cpp(368,40): warning C4244:         [
C:\Users\maksy\OneDrive\Pulpit\Studia\Semestr 2\programowanie nieskopoziomowe\project\Connect4\Connect4\Board.cpp(368,40): warning C4244:             T=float
C:\Users\maksy\OneDrive\Pulpit\Studia\Semestr 2\programowanie nieskopoziomowe\project\Connect4\Connect4\Board.cpp(368,40): warning C4244:         ]
C:\Users\maksy\OneDrive\Pulpit\Studia\Semestr 2\programowanie nieskopoziomowe\project\Connect4\Connect4\Board.cpp(369,46): warning C4244: 'argument': conversion from 'int' to 'T', possible loss of data
C:\Users\maksy\OneDrive\Pulpit\Studia\Semestr 2\programowanie nieskopoziomowe\project\Connect4\Connect4\Board.cpp(369,46): warning C4244:         with
C:\Users\maksy\OneDrive\Pulpit\Studia\Semestr 2\programowanie nieskopoziomowe\project\Connect4\Connect4\Board.cpp(369,46): warning C4244:         [
C:\Users\maksy\OneDrive\Pulpit\Studia\Semestr 2\programowanie nieskopoziomowe\project\Connect4\Connect4\Board.cpp(369,46): warning C4244:             T=float
C:\Users\maksy\OneDrive\Pulpit\Studia\Semestr 2\programowanie nieskopoziomowe\project\Connect4\Connect4\Board.cpp(369,46): warning C4244:         ]
C:\Users\maksy\OneDrive\Pulpit\Studia\Semestr 2\programowanie nieskopoziomowe\project\Connect4\Connect4\Board.cpp(369,40): warning C4244: 'argument': conversion from 'int' to 'T', possible loss of data
C:\Users\maksy\OneDrive\Pulpit\Studia\Semestr 2\programowanie nieskopoziomowe\project\Connect4\Connect4\Board.cpp(369,40): warning C4244:         with
C:\Users\maksy\OneDrive\Pulpit\Studia\Semestr 2\programowanie nieskopoziomowe\project\Connect4\Connect4\Board.cpp(369,40): warning C4244:         [
C:\Users\maksy\OneDrive\Pulpit\Studia\Semestr 2\programowanie nieskopoziomowe\project\Connect4\Connect4\Board.cpp(369,40): warning C4244:             T=float
C:\Users\maksy\OneDrive\Pulpit\Studia\Semestr 2\programowanie nieskopoziomowe\project\Connect4\Connect4\Board.cpp(369,40): warning C4244:         ]
C:\Users\maksy\OneDrive\Pulpit\Studia\Semestr 2\programowanie nieskopoziomowe\project\Connect4\Connect4\Board.cpp(376,65): warning C4244: 'argument': conversion from 'int' to 'T', possible loss of data
C:\Users\maksy\OneDrive\Pulpit\Studia\Semestr 2\programowanie nieskopoziomowe\project\Connect4\Connect4\Board.cpp(376,65): warning C4244:         with
C:\Users\maksy\OneDrive\Pulpit\Studia\Semestr 2\programowanie nieskopoziomowe\project\Connect4\Connect4\Board.cpp(376,65): warning C4244:         [
C:\Users\maksy\OneDrive\Pulpit\Studia\Semestr 2\programowanie nieskopoziomowe\project\Connect4\Connect4\Board.cpp(376,65): warning C4244:             T=float
C:\Users\maksy\OneDrive\Pulpit\Studia\Semestr 2\programowanie nieskopoziomowe\project\Connect4\Connect4\Board.cpp(376,65): warning C4244:         ]
C:\Users\maksy\OneDrive\Pulpit\Studia\Semestr 2\programowanie nieskopoziomowe\project\Connect4\Connect4\Board.cpp(376,46): warning C4244: 'argument': conversion from 'int' to 'T', possible loss of data
C:\Users\maksy\OneDrive\Pulpit\Studia\Semestr 2\programowanie nieskopoziomowe\project\Connect4\Connect4\Board.cpp(376,46): warning C4244:         with
C:\Users\maksy\OneDrive\Pulpit\Studia\Semestr 2\programowanie nieskopoziomowe\project\Connect4\Connect4\Board.cpp(376,46): warning C4244:         [
C:\Users\maksy\OneDrive\Pulpit\Studia\Semestr 2\programowanie nieskopoziomowe\project\Connect4\Connect4\Board.cpp(376,46): warning C4244:             T=float
C:\Users\maksy\OneDrive\Pulpit\Studia\Semestr 2\programowanie nieskopoziomowe\project\Connect4\Connect4\Board.cpp(376,46): warning C4244:         ]
C:\Users\maksy\OneDrive\Pulpit\Studia\Semestr 2\programowanie nieskopoziomowe\project\Connect4\Connect4\Board.cpp(434,16): warning C4244: 'initializing': conversion from 'T' to 'int', possible loss of data
C:\Users\maksy\OneDrive\Pulpit\Studia\Semestr 2\programowanie nieskopoziomowe\project\Connect4\Connect4\Board.cpp(434,16): warning C4244:         with
C:\Users\maksy\OneDrive\Pulpit\Studia\Semestr 2\programowanie nieskopoziomowe\project\Connect4\Connect4\Board.cpp(434,16): warning C4244:         [
C:\Users\maksy\OneDrive\Pulpit\Studia\Semestr 2\programowanie nieskopoziomowe\project\Connect4\Connect4\Board.cpp(434,16): warning C4244:             T=float
C:\Users\maksy\OneDrive\Pulpit\Studia\Semestr 2\programowanie nieskopoziomowe\project\Connect4\Connect4\Board.cpp(434,16): warning C4244:         ]
C:\Users\maksy\OneDrive\Pulpit\Studia\Semestr 2\programowanie nieskopoziomowe\project\Connect4\Connect4\Board.cpp(436,33): warning C4244: 'argument': conversion from 'int' to 'float', possible loss of data
C:\Users\maksy\OneDrive\Pulpit\Studia\Semestr 2\programowanie nieskopoziomowe\project\Connect4\Connect4\Board.cpp(436,23): warning C4244: 'argument': conversion from 'int' to 'float', possible loss of data
C:\Users\maksy\OneDrive\Pulpit\Studia\Semestr 2\programowanie nieskopoziomowe\project\Connect4\Connect4\Board.cpp(447,35): warning C4244: 'argument': conversion from 'int' to 'float', possible loss of data
C:\Users\maksy\OneDrive\Pulpit\Studia\Semestr 2\programowanie nieskopoziomowe\project\Connect4\Connect4\Board.cpp(447,23): warning C4244: 'argument': conversion from 'int' to 'float', possible loss of data
C:\Users\maksy\OneDrive\Pulpit\Studia\Semestr 2\programowanie nieskopoziomowe\project\Connect4\Connect4\Board.cpp(453,35): warning C4244: 'argument': conversion from 'int' to 'float', possible loss of data
C:\Users\maksy\OneDrive\Pulpit\Studia\Semestr 2\programowanie nieskopoziomowe\project\Connect4\Connect4\Board.cpp(453,23): warning C4244: 'argument': conversion from 'int' to 'float', possible loss of data
  main.cpp
C:\Users\maksy\OneDrive\Pulpit\Studia\Semestr 2\programowanie nieskopoziomowe\project\Connect4\Connect4\main.cpp(104,56): warning C4244: 'argument': conversion from 'int' to 'T', possible loss of data
C:\Users\maksy\OneDrive\Pulpit\Studia\Semestr 2\programowanie nieskopoziomowe\project\Connect4\Connect4\main.cpp(104,56): warning C4244:         with
C:\Users\maksy\OneDrive\Pulpit\Studia\Semestr 2\programowanie nieskopoziomowe\project\Connect4\Connect4\main.cpp(104,56): warning C4244:         [
C:\Users\maksy\OneDrive\Pulpit\Studia\Semestr 2\programowanie nieskopoziomowe\project\Connect4\Connect4\main.cpp(104,56): warning C4244:             T=float
C:\Users\maksy\OneDrive\Pulpit\Studia\Semestr 2\programowanie nieskopoziomowe\project\Connect4\Connect4\main.cpp(104,56): warning C4244:         ]
C:\Users\maksy\OneDrive\Pulpit\Studia\Semestr 2\programowanie nieskopoziomowe\project\Connect4\Connect4\main.cpp(104,49): warning C4244: 'argument': conversion from 'int' to 'T', possible loss of data
C:\Users\maksy\OneDrive\Pulpit\Studia\Semestr 2\programowanie nieskopoziomowe\project\Connect4\Connect4\main.cpp(104,49): warning C4244:         with
C:\Users\maksy\OneDrive\Pulpit\Studia\Semestr 2\programowanie nieskopoziomowe\project\Connect4\Connect4\main.cpp(104,49): warning C4244:         [
C:\Users\maksy\OneDrive\Pulpit\Studia\Semestr 2\programowanie nieskopoziomowe\project\Connect4\Connect4\main.cpp(104,49): warning C4244:             T=float
C:\Users\maksy\OneDrive\Pulpit\Studia\Semestr 2\programowanie nieskopoziomowe\project\Connect4\Connect4\main.cpp(104,49): warning C4244:         ]
  Menu.cpp
  Player.cpp
  Settings.cpp
C:\Users\maksy\OneDrive\Pulpit\Studia\Semestr 2\programowanie nieskopoziomowe\project\Connect4\Connect4\Settings.cpp(69,13): warning C4244: 'initializing': conversion from 'int' to 'float', possible loss of data
  Generating Code...
C:\Users\maksy\OneDrive\Pulpit\Studia\Semestr 2\programowanie nieskopoziomowe\project\Connect4\Connect4\Ai.cpp(80,1): warning C4715: 'getNextOpenRow': not all control paths return a value
  Connect4.vcxproj -> C:\Users\maksy\OneDrive\Pulpit\Studia\Semestr 2\programowanie nieskopoziomowe\project\Connect4\x64\Debug\Connect4.exe
